[0m[[0m[0mdebug[0m] [0m[0m> Exec(testOnly singlecycle.single_cyclesTest -- -DwriteVcd=1, Some(48b14db6-822b-4f6b-9baa-36f83cc54ac8), Some(CommandSource(console0)))[0m
[0m[[0m[0mdebug[0m] [0m[0mEvaluating tasks: Test / testOnly[0m
[0m[[0m[0mdebug[0m] [0m[0mRunning task... Cancel: Signal, check cycles: false, forcegc: true[0m
[0m[[0m[0minfo[0m] [0m[0mcompiling 1 Scala source to /home/adeia/Documents/single cycle/target/scala-2.12/classes ...[0m
[0m[[0m[0minfo[0m] [0m[0m[32msingle_cyclesTest:[0m[0m
[0m[[0m[0minfo[0m] [0m[0m[31m- Chisel Tester file  *** FAILED ***[0m[0m
[0m[[0m[0minfo[0m] [0m[0m[31m  java.lang.AssertionError: can't create Mux with heterogeneous types class chisel3.SInt and class chisel3.UInt[0m[0m
[0m[[0m[0minfo[0m] [0m[0m[31m  at ... ()[0m[0m
[0m[[0m[0minfo[0m] [0m[0m[31m  at singlecycle.CPU.$anonfun$new$27(CPU.scala:116)[0m[0m
[0m[[0m[0minfo[0m] [0m[0m[31m  at chisel3.Data.$anonfun$$colon$eq$1(Data.scala:525)[0m[0m
[0m[[0m[0minfo[0m] [0m[0m[31m  at scala.runtime.java8.JFunction0$mcV$sp.apply(JFunction0$mcV$sp.java:23)[0m[0m
[0m[[0m[0minfo[0m] [0m[0m[31m  at chisel3.internal.prefix$.apply(prefix.scala:32)[0m[0m
[0m[[0m[0minfo[0m] [0m[0m[31m  at chisel3.Data.$colon$eq(Data.scala:525)[0m[0m
[0m[[0m[0minfo[0m] [0m[0m[31m  at singlecycle.CPU.<init>(CPU.scala:116)[0m[0m
[0m[[0m[0minfo[0m] [0m[0m[31m  at singlecycle.single_cycle.$anonfun$cpu$2(single_cycle.scala:17)[0m[0m
[0m[[0m[0minfo[0m] [0m[0m[31m  at chisel3.Module$.do_apply(Module.scala:54)[0m[0m
[0m[[0m[0minfo[0m] [0m[0m[31m  at singlecycle.single_cycle.$anonfun$cpu$1(single_cycle.scala:17)[0m[0m
[0m[[0m[0minfo[0m] [0m[0m[31m  ...[0m[0m
[0m[[0m[0minfo[0m] [0m[0m[36mRun completed in 2 seconds, 182 milliseconds.[0m[0m
[0m[[0m[0minfo[0m] [0m[0m[36mTotal number of tests run: 1[0m[0m
[0m[[0m[0minfo[0m] [0m[0m[36mSuites: completed 1, aborted 0[0m[0m
[0m[[0m[0minfo[0m] [0m[0m[36mTests: succeeded 0, failed 1, canceled 0, ignored 0, pending 0[0m[0m
[0m[[0m[0minfo[0m] [0m[0m[31m*** 1 TEST FAILED ***[0m[0m
[0m[[0m[31merror[0m] [0m[0mFailed tests:[0m
[0m[[0m[31merror[0m] [0m[0m	singlecycle.single_cyclesTest[0m
[0m[[0m[31merror[0m] [0m[0m(Test / [31mtestOnly[0m) sbt.TestsFailedException: Tests unsuccessful[0m
[0m[[0m[31merror[0m] [0m[0mTotal time: 6 s, completed Jan 3, 2024, 8:55:52 PM[0m
[0m[[0m[0mdebug[0m] [0m[0m> Exec(shell, None, None)[0m
